android/build/outputs/mapping/release/seeds.txt
com.seasluggames.serenitypixeldungeon.android.actors.buffs.Slow
com.seasluggames.serenitypixeldungeon.android.items.bags.PotionBandolier: PotionBandolier()
com.seasluggames.serenitypixeldungeon.android.actors.buffs.ChampionEnemy$Projecting
com.seasluggames.serenitypixeldungeon.android.levels.rooms.secret.SecretHoneypotRoom
com.seasluggames.serenitypixeldungeon.android.items.scrolls.exotic.ScrollOfAntiMagic
com.seasluggames.serenitypixeldungeon.android.items.potions.brews.Brew: Brew()
com.seasluggames.serenitypixeldungeon.android.items.potions.exotic.PotionOfCleansing
com.seasluggames.serenitypixeldungeon.android.items.weapon.melee.Glaive
com.seasluggames.serenitypixeldungeon.android.items.weapon.missiles.darts.ParalyticDart: ParalyticDart()
com.seasluggames.serenitypixeldungeon.android.actors.buffs.AdrenalineSurge: AdrenalineSurge()
com.seasluggames.serenitypixeldungeon.android.actors.buffs.WellFed: WellFed()
com.seasluggames.serenitypixeldungeon.android.actors.buffs.ChampionEnemy$Blessed
com.seasluggames.serenitypixeldungeon.android.actors.mobs.CrystalMimic: CrystalMimic()
com.seasluggames.serenitypixeldungeon.android.items.bombs.ShrapnelBomb: ShrapnelBomb()
com.seasluggames.serenitypixeldungeon.android.items.wands.WandOfRegrowth$Lotus: WandOfRegrowth$Lotus()
com.seasluggames.serenitypixeldungeon.android.levels.traps.WeakeningTrap: WeakeningTrap()
com.seasluggames.serenitypixeldungeon.android.actors.mobs.CrystalMimic
com.seasluggames.serenitypixeldungeon.android.items.rings.RingOfAccuracy
com.seasluggames.serenitypixeldungeon.android.actors.buffs.Levitation
com.seasluggames.serenitypixeldungeon.android.actors.blobs.SmokeScreen: SmokeScreen()
com.seasluggames.serenitypixeldungeon.android.items.armor.curses.Metabolism
com.seasluggames.serenitypixeldungeon.android.actors.buffs.Corruption: Corruption()
com.seasluggames.serenitypixeldungeon.android.items.artifacts.ChaliceOfBlood: ChaliceOfBlood()
com.seasluggames.serenitypixeldungeon.android.items.keys.IronKey: IronKey()
com.seasluggames.serenitypixeldungeon.android.levels.rooms.standard.BurnedRoom: BurnedRoom()
com.seasluggames.serenitypixeldungeon.android.levels.traps.FlockTrap
com.seasluggames.serenitypixeldungeon.android.items.artifacts.HornOfPlenty
com.seasluggames.serenitypixeldungeon.android.items.weapon.enchantments.Corrupting: Corrupting()
com.seasluggames.serenitypixeldungeon.android.items.armor.curses.AntiEntropy: AntiEntropy()
com.seasluggames.serenitypixeldungeon.android.levels.rooms.secret.SecretChestChasmRoom
com.seasluggames.serenitypixeldungeon.android.actors.buffs.Stamina
com.seasluggames.serenitypixeldungeon.android.levels.rooms.connection.TunnelRoom: TunnelRoom()
com.seasluggames.serenitypixeldungeon.android.items.weapon.enchantments.Unstable
com.seasluggames.serenitypixeldungeon.android.actors.hero.HeroClass: com.seasluggames.serenitypixeldungeon.android.actors.hero.HeroClass[] values()
com.seasluggames.serenitypixeldungeon.android.tiles.CustomTilemap
com.seasluggames.serenitypixeldungeon.android.items.potions.elixirs.ElixirOfMight$HTBoost: ElixirOfMight$HTBoost()
com.seasluggames.serenitypixeldungeon.android.levels.SewerBossLevel: SewerBossLevel()
com.seasluggames.serenitypixeldungeon.android.items.stones.StoneOfShock: StoneOfShock()
com.seasluggames.serenitypixeldungeon.android.actors.blobs.Blob
com.seasluggames.serenitypixeldungeon.android.actors.mobs.Scorpio: Scorpio()
com.seasluggames.serenitypixeldungeon.android.items.weapon.melee.RoundShield: RoundShield()
com.seasluggames.serenitypixeldungeon.android.levels.LastShopLevel: LastShopLevel()
com.seasluggames.serenitypixeldungeon.android.levels.NewHallsBossLevel$CenterPieceVisuals
com.seasluggames.serenitypixeldungeon.android.items.potions.PotionOfMindVision: PotionOfMindVision()
com.seasluggames.serenitypixeldungeon.android.actors.mobs.NewTengu$ShockerAbility$ShockerBlob
com.seasluggames.serenitypixeldungeon.android.actors.mobs.YogFist$DarkFist
...
com.google.android.gms.internal.measurement.zzko: com.google.android.gms.internal.measurement.zzko[] values()
com.google.firebase.analytics.connector.internal.AnalyticsConnectorRegistrar
com.google.android.gms.internal.ads.zzefz: com.google.android.gms.internal.ads.zzemx zzek
com.google.android.gms.internal.ads.zzefr: com.google.android.gms.internal.ads.zzemx zzek
com.google.android.gms.ads.mediation.customevent.CustomEventInterstitial: void requestInterstitialAd(android.content.Context,com.google.android.gms.ads.mediation.customevent.CustomEventInterstitialListener,java.lang.String,com.google.android.gms.ads.mediation.MediationAdRequest,android.os.Bundle)
com.google.android.gms.internal.ads.zzcf$zza: long zzgm
com.google.android.gms.ads.doubleclick.PublisherAdView: com.google.android.gms.ads.VideoOptions getVideoOptions()
com.google.android.gms.internal.ads.zzdyk: com.google.android.gms.internal.ads.zzdyk$zzk waiters
com.google.android.gms.internal.ads.zzegk: com.google.android.gms.internal.ads.zzemx zzek
androidx.browser.browseractions.BrowserActionsFallbackMenuView: BrowserActionsFallbackMenuView(android.content.Context,android.util.AttributeSet)
com.google.android.gms.internal.ads.zzeeo: com.google.android.gms.internal.ads.zzemx zzek
com.google.android.gms.internal.ads.zzbbr: int getVideoWidth()
com.badlogic.gdx.graphics.Pixmap$Format: com.badlogic.gdx.graphics.Pixmap$Format valueOf(java.lang.String)
com.google.android.gms.internal.ads.zzekv: com.google.android.gms.internal.ads.zzekv[] values()
com.google.android.gms.internal.ads.zzepa$zzb$zze$zza: int zzdv
com.google.android.gms.internal.measurement.zzdz: com.google.android.gms.internal.measurement.zzhz zzf
com.google.android.gms.measurement.AppMeasurementService: AppMeasurementService()
com.google.android.gms.internal.ads.zzegl: com.google.android.gms.internal.ads.zzell zzihr
com.badlogic.gdx.graphics.Pixmap$Filter: com.badlogic.gdx.graphics.Pixmap$Filter[] values()
com.google.android.gms.internal.ads.zzug$zzab: int zzcfx
com.google.android.gms.measurement.internal.AppMeasurementDynamiteService: void getGmpAppId(com.google.android.gms.internal.measurement.zzs)
com.google.android.gms.internal.ads.zzcb$zzb: com.google.android.gms.internal.ads.zzcb$zzb zzez
com.google.android.gms.common.internal.GetServiceRequest: android.os.Parcelable$Creator CREATOR
androidx.work.impl.background.systemalarm.ConstraintProxy$NetworkStateProxy
com.google.android.gms.internal.ads.zzug$zzo: int zzcdp
com.google.android.gms.measurement.AppMeasurement$ConditionalUserProperty: java.lang.String mOrigin
com.google.android.gms.internal.ads.zzepa$zzb$zzh: com.google.android.gms.internal.ads.zzell zzjal
com.google.android.gms.internal.ads.zzcf$zza: long zzgq
com.google.android.gms.internal.ads.zzepa$zzb$zzd: com.google.android.gms.internal.ads.zzepa$zzb$zzd zzizc
com.google.android.gms.internal.ads.zzug$zze: com.google.android.gms.internal.ads.zzemx zzek
com.google.android.gms.internal.ads.zzug$zzac: int zzdv
com.google.android.gms.ads.AdView: void setAdSize(com.google.android.gms.ads.AdSize)
com.google.android.gms.internal.measurement.zzdj: int zzC
com.google.android.gms.internal.ads.zzepa$zzb$zze: com.google.android.gms.internal.ads.zzejr zzizi
android.support.v4.app.RemoteActionCompatParcelizer: androidx.core.app.RemoteActionCompat read(androidx.versionedparcelable.VersionedParcel)
com.google.ads.mediation.AbstractAdViewAdapter: void loadAd(com.google.android.gms.ads.mediation.MediationAdRequest,android.os.Bundle,android.os.Bundle)
com.google.android.gms.internal.measurement.zzdf
com.google.android.gms.measurement.internal.AppMeasurementDynamiteService: AppMeasurementDynamiteService()
com.google.android.gms.internal.ads.zzug$zzl: com.google.android.gms.internal.ads.zzug$zzl zzcda
androidx.lifecycle.LifecycleService: LifecycleService()
com.google.android.gms.internal.ads.zzdtt$zza: com.google.android.gms.internal.ads.zzdtt$zza[] values()
com.google.android.gms.internal.ads.zzepa$zzb$zzh: byte zzixq