android/build/outputs/mapping/release/usage.txt
com.seasluggames.serenitypixeldungeon.android.windows.WndChallenges:
    private static final int WIDTH
    private static final int TTL_HEIGHT
    private static final int BTN_HEIGHT
    private static final int GAP
com.seasluggames.serenitypixeldungeon.android.levels.OldCavesBossLevel:
    private static final int WIDTH
    private static final int HEIGHT
    private static final int ROOM_LEFT
    private static final int ROOM_RIGHT
    private static final int ROOM_TOP
    private static final int ROOM_BOTTOM
    private static final java.lang.String DOOR
    private static final java.lang.String ENTERED
    private static final java.lang.String DROPPED
com.seasluggames.serenitypixeldungeon.android.tiles.DungeonTileSheet:
    public void <init>()
    private static final int WIDTH
    public static final int NULL_TILE
com.seasluggames.serenitypixeldungeon.android.actors.buffs.Cripple:
    public static final float DURATION
com.seasluggames.serenitypixeldungeon.android.items.journal.DocumentPage:
    private static final java.lang.String PAGE
com.seasluggames.serenitypixeldungeon.android.windows.WndStartGame$HeroPane$1
com.seasluggames.serenitypixeldungeon.android.sprites.WandmakerSprite:
    private com.seasluggames.serenitypixeldungeon.android.effects.ShieldHalo shield
com.seasluggames.serenitypixeldungeon.android.actors.buffs.Drowsy:
    public static final float DURATION
com.seasluggames.serenitypixeldungeon.android.scenes.PixelScene:
    public static final float MIN_WIDTH_P
    public static final float MIN_HEIGHT_P
    public static final float MIN_WIDTH_L
    public static final float MIN_HEIGHT_L
com.seasluggames.serenitypixeldungeon.android.effects.particles.SacrificialParticle
com.seasluggames.serenitypixeldungeon.android.windows.WndAndroidTextInput$3
com.seasluggames.serenitypixeldungeon.android.levels.NewCityBossLevel:
    private static final java.lang.String IMP_SHOP
com.seasluggames.serenitypixeldungeon.android.actors.buffs.WellFed:
    private static final java.lang.String LEFT
com.seasluggames.serenitypixeldungeon.android.actors.mobs.OldTengu$Hunting
com.seasluggames.serenitypixeldungeon.android.items.KindofMisc:
    private static final float TIME_TO_EQUIP
com.seasluggames.serenitypixeldungeon.android.levels.LastLevel:
    private static final int ROOM_TOP
com.seasluggames.serenitypixeldungeon.android.items.weapon.curses.Fragile:
    private static final java.lang.String HITS
com.seasluggames.serenitypixeldungeon.android.actors.buffs.FireImbue:
    public static final float DURATION
    private static final java.lang.String LEFT
com.seasluggames.serenitypixeldungeon.android.actors.buffs.Healing:
    public void increaseHeal(int)
    private static final java.lang.String LEFT
    private static final java.lang.String PERCENT
    private static final java.lang.String FLAT
com.seasluggames.serenitypixeldungeon.android.R$integer
com.seasluggames.serenitypixeldungeon.android.actors.mobs.YogDzewa:
    private static final int MIN_ABILITY_CD
    private static final int MAX_ABILITY_CD
    private static final int MIN_SUMMON_CD
    private static final int MAX_SUMMON_CD
    private static final int SUMMON_DECK_SIZE
    private static final java.lang.String PHASE
    private static final java.lang.String ABILITY_CD
    private static final java.lang.String SUMMON_CD
    private static final java.lang.String FIST_SUMMONS
    private static final java.lang.String REGULAR_SUMMONS
    private static final java.lang.String TARGETED_CELLS
com.seasluggames.serenitypixeldungeon.android.actors.mobs.Yog$RottingFist:
    private static final int REGENERATION
com.seasluggames.serenitypixeldungeon.android.actors.mobs.Golem:
    private static final java.lang.String TELEPORTING
    private static final java.lang.String SELF_COOLDOWN
    private static final java.lang.String ENEMY_COOLDOWN
...
com.badlogic.gdx.graphics.g2d.BitmapFont$BitmapFontData:
    public void setLineHeight(float)
    public boolean hasGlyph(char)
    public java.lang.String getImagePath(int)
    public java.lang.String[] getImagePaths()
    public com.badlogic.gdx.files.FileHandle getFontFile()
    public void setScale(float,float)
    public void setScale(float)
    public void scale(float)
    public float cursorX
com.google.firebase.installations.internal.FidListenerHandle
com.badlogic.gdx.scenes.scene2d.ui.ButtonGroup
androidx.lifecycle.FullLifecycleObserverAdapter:
    void <init>(androidx.lifecycle.FullLifecycleObserver)
androidx.documentfile.provider.RawDocumentFile
androidx.swiperefreshlayout.widget.CircleImageView$OvalShadow
com.badlogic.gdx.graphics.g3d.particles.batches.ModelInstanceParticleBatch
androidx.core.content.ContentResolverCompat
androidx.room.util.DBUtil:
    private void <init>()
androidx.lifecycle.viewmodel.R
com.google.android.gms.common.util.RetainForClient
com.badlogic.gdx.graphics.g3d.particles.ParticleEffect
androidx.interpolator.view.animation.LinearOutSlowInInterpolator
com.google.android.gms.ads.mediation.MediationAdRequest:
    public static final int TAG_FOR_CHILD_DIRECTED_TREATMENT_TRUE
    public static final int TAG_FOR_CHILD_DIRECTED_TREATMENT_FALSE
    public static final int TAG_FOR_CHILD_DIRECTED_TREATMENT_UNSPECIFIED
com.google.ads.mediation.EmptyNetworkExtras
com.badlogic.gdx.graphics.glutils.VertexData:
    public abstract int getNumVertices()
    public abstract int getNumMaxVertices()
    public abstract com.badlogic.gdx.graphics.VertexAttributes getAttributes()
    public abstract void setVertices(float[],int,int)
    public abstract void updateVertices(int,float[],int,int)
    public abstract java.nio.FloatBuffer getBuffer()
    public abstract void bind(com.badlogic.gdx.graphics.glutils.ShaderProgram)
    public abstract void bind(com.badlogic.gdx.graphics.glutils.ShaderProgram,int[])
    public abstract void unbind(com.badlogic.gdx.graphics.glutils.ShaderProgram)
    public abstract void unbind(com.badlogic.gdx.graphics.glutils.ShaderProgram,int[])
    public abstract void dispose()
com.badlogic.gdx.graphics.g2d.NinePatch
com.google.android.gms.internal.ads.zzaxw
com.badlogic.gdx.scenes.scene2d.ui.List$ListStyle
com.google.firebase.analytics.zza
androidx.drawerlayout.widget.DrawerLayout$ViewDragCallback
com.google.android.gms.internal.ads.zzaci:
    public final java.lang.String zzsq()
    public final java.lang.String getContent()
    public final void zzn(com.google.android.gms.dynamic.IObjectWrapper)
    public final void recordClick()
    public final void recordImpression()
com.badlogic.gdx.graphics.g3d.model.data.ModelAnimation
com.badlogic.gdx.graphics.g3d.utils.MeshBuilder
com.badlogic.gdx.graphics.g3d.ModelCache$2
com.badlogic.gdx.scenes.scene2d.actions.AfterAction
androidx.core.provider.SelfDestructiveThread$1
com.google.android.gms.ads.formats.NativeAdViewHolder:
    public void <init>(android.view.View,java.util.Map,java.util.Map)
    private static java.util.HashMap zzb(java.util.Map)
    public final void unregisterNativeAd()
    public final void setClickConfirmingView(android.view.View)
com.badlogic.gdx.utils.viewport.FillViewport
com.google.android.gms.ads.NativeExpressAdView
androidx.core.widget.PopupWindowCompat
androidx.room.R$id
com.badlogic.gdx.backends.android.AndroidGraphicsLiveWallpaper$2
com.badlogic.gdx.utils.compression.lzma.Encoder$LenEncoder
androidx.fragment.app.FragmentTransitionImpl$1
com.google.android.gms.ads.search.zzb
androidx.core.content.pm.PermissionInfoCompat
com.google.android.gms.internal.ads.zzzk:
    public final com.google.android.gms.ads.mediation.NetworkExtras getNetworkExtras(java.lang.Class)
    public final android.os.Bundle getCustomEventExtrasBundle(java.lang.Class)
androidx.core.view.ViewCompat$ScrollIndicators
androidx.work.R$styleable
com.badlogic.gdx.maps.tiled.renderers.HexagonalTiledMapRenderer